# JRE version: OpenJDK Runtime Environment (8.0_152-b01) (build 1.8.0_152-release-915-b01)
# Java VM: OpenJDK 64-Bit Server VM (25.152-b01 mixed mode windows-amd64 compressed oops)
Heap:
 PSYoungGen      total 266752K, used 254496K [0x00000000e0000000, 0x00000000f2700000, 0x0000000100000000)
  eden space 253952K, 95% used [0x00000000e0000000,0x00000000eec0d7a0,0x00000000ef800000)
  from space 12800K, 99% used [0x00000000f1a80000,0x00000000f26fa948,0x00000000f2700000)
  to   space 21504K, 0% used [0x00000000efd00000,0x00000000efd00000,0x00000000f1200000)
 ParOldGen       total 146944K, used 47468K [0x00000000a0000000, 0x00000000a8f80000, 0x00000000e0000000)
  object space 146944K, 32% used [0x00000000a0000000,0x00000000a2e5b0e0,0x00000000a8f80000)
 Metaspace       used 62228K, capacity 65256K, committed 65408K, reserved 1105920K
  class space    used 8209K, capacity 8976K, committed 9088K, reserved 1048576K
GC Heap History (10 events):
Event: 15.776 GC heap before
{Heap before GC invocations=11 (full 2):
 PSYoungGen      total 163840K, used 163727K [0x00000000e0000000, 0x00000000eb280000, 0x0000000100000000)
  eden space 153088K, 100% used [0x00000000e0000000,0x00000000e9580000,0x00000000e9580000)
  from space 10752K, 98% used [0x00000000ea800000,0x00000000eb263f68,0x00000000eb280000)
  to   space 12800K, 0% used [0x00000000e9980000,0x00000000e9980000,0x00000000ea600000)
 ParOldGen       total 90624K, used 16238K [0x00000000a0000000, 0x00000000a5880000, 0x00000000e0000000)
  object space 90624K, 17% used [0x00000000a0000000,0x00000000a0fdbae0,0x00000000a5880000)
 Metaspace       used 47215K, capacity 48402K, committed 48512K, reserved 1091584K
  class space    used 6298K, capacity 6703K, committed 6784K, reserved 1048576K
Event: 15.807 GC heap after
Heap after GC invocations=11 (full 2):
 PSYoungGen      total 169984K, used 12771K [0x00000000e0000000, 0x00000000ee500000, 0x0000000100000000)
  eden space 157184K, 0% used [0x00000000e0000000,0x00000000e0000000,0x00000000e9980000)
  from space 12800K, 99% used [0x00000000e9980000,0x00000000ea5f8fe0,0x00000000ea600000)
  to   space 15360K, 0% used [0x00000000ed600000,0x00000000ed600000,0x00000000ee500000)
 ParOldGen       total 90624K, used 19059K [0x00000000a0000000, 0x00000000a5880000, 0x00000000e0000000)
  object space 90624K, 21% used [0x00000000a0000000,0x00000000a129ccc0,0x00000000a5880000)
 Metaspace       used 47215K, capacity 48402K, committed 48512K, reserved 1091584K
  class space    used 6298K, capacity 6703K, committed 6784K, reserved 1048576K
}
Event: 19.290 GC heap before
{Heap before GC invocations=12 (full 2):
 PSYoungGen      total 169984K, used 169955K [0x00000000e0000000, 0x00000000ee500000, 0x0000000100000000)
  eden space 157184K, 100% used [0x00000000e0000000,0x00000000e9980000,0x00000000e9980000)
  from space 12800K, 99% used [0x00000000e9980000,0x00000000ea5f8fe0,0x00000000ea600000)
  to   space 15360K, 0% used [0x00000000ed600000,0x00000000ed600000,0x00000000ee500000)
 ParOldGen       total 90624K, used 19059K [0x00000000a0000000, 0x00000000a5880000, 0x00000000e0000000)
  object space 90624K, 21% used [0x00000000a0000000,0x00000000a129ccc0,0x00000000a5880000)
 Metaspace       used 53634K, capacity 55386K, committed 55680K, reserved 1097728K
  class space    used 7274K, capacity 7760K, committed 7808K, reserved 1048576K
Event: 19.431 GC heap after
Heap after GC invocations=12 (full 2):
 PSYoungGen      total 214528K, used 15353K [0x00000000e0000000, 0x00000000ef800000, 0x0000000100000000)
  eden space 199168K, 0% used [0x00000000e0000000,0x00000000e0000000,0x00000000ec280000)
  from space 15360K, 99% used [0x00000000ed600000,0x00000000ee4fe550,0x00000000ee500000)
  to   space 19968K, 0% used [0x00000000ec280000,0x00000000ec280000,0x00000000ed600000)
 ParOldGen       total 90624K, used 26624K [0x00000000a0000000, 0x00000000a5880000, 0x00000000e0000000)
  object space 90624K, 29% used [0x00000000a0000000,0x00000000a1a00050,0x00000000a5880000)
 Metaspace       used 53634K, capacity 55386K, committed 55680K, reserved 1097728K
  class space    used 7274K, capacity 7760K, committed 7808K, reserved 1048576K
}
Event: 24.260 GC heap before
{Heap before GC invocations=13 (full 2):
 PSYoungGen      total 214528K, used 166824K [0x00000000e0000000, 0x00000000ef800000, 0x0000000100000000)
  eden space 199168K, 76% used [0x00000000e0000000,0x00000000e93ebc30,0x00000000ec280000)
  from space 15360K, 99% used [0x00000000ed600000,0x00000000ee4fe550,0x00000000ee500000)
  to   space 19968K, 0% used [0x00000000ec280000,0x00000000ec280000,0x00000000ed600000)
 ParOldGen       total 90624K, used 26624K [0x00000000a0000000, 0x00000000a5880000, 0x00000000e0000000)
  object space 90624K, 29% used [0x00000000a0000000,0x00000000a1a00050,0x00000000a5880000)
 Metaspace       used 56664K, capacity 59002K, committed 59028K, reserved 1099776K
  class space    used 7700K, capacity 8295K, committed 8320K, reserved 1048576K
Event: 24.327 GC heap after
Heap after GC invocations=13 (full 2):
 PSYoungGen      total 219136K, used 17311K [0x00000000e0000000, 0x00000000f3000000, 0x0000000100000000)
  eden space 199168K, 0% used [0x00000000e0000000,0x00000000e0000000,0x00000000ec280000)
  from space 19968K, 86% used [0x00000000ec280000,0x00000000ed367c80,0x00000000ed600000)
  to   space 22016K, 0% used [0x00000000f1a80000,0x00000000f1a80000,0x00000000f3000000)
 ParOldGen       total 90624K, used 36893K [0x00000000a0000000, 0x00000000a5880000, 0x00000000e0000000)
  object space 90624K, 40% used [0x00000000a0000000,0x00000000a2407790,0x00000000a5880000)
 Metaspace       used 56664K, capacity 59002K, committed 59028K, reserved 1099776K
  class space    used 7700K, capacity 8295K, committed 8320K, reserved 1048576K
}
Event: 24.327 GC heap before
{Heap before GC invocations=14 (full 3):
 PSYoungGen      total 219136K, used 17311K [0x00000000e0000000, 0x00000000f3000000, 0x0000000100000000)
  eden space 199168K, 0% used [0x00000000e0000000,0x00000000e0000000,0x00000000ec280000)
  from space 19968K, 86% used [0x00000000ec280000,0x00000000ed367c80,0x00000000ed600000)
  to   space 22016K, 0% used [0x00000000f1a80000,0x00000000f1a80000,0x00000000f3000000)
 ParOldGen       total 90624K, used 36893K [0x00000000a0000000, 0x00000000a5880000, 0x00000000e0000000)
  object space 90624K, 40% used [0x00000000a0000000,0x00000000a2407790,0x00000000a5880000)
 Metaspace       used 56664K, capacity 59002K, committed 59028K, reserved 1099776K
  class space    used 7700K, capacity 8295K, committed 8320K, reserved 1048576K
Event: 24.729 GC heap after
Heap after GC invocations=14 (full 3):
 PSYoungGen      total 219136K, used 0K [0x00000000e0000000, 0x00000000f3000000, 0x0000000100000000)
  eden space 199168K, 0% used [0x00000000e0000000,0x00000000e0000000,0x00000000ec280000)
  from space 19968K, 0% used [0x00000000ec280000,0x00000000ec280000,0x00000000ed600000)
  to   space 22016K, 0% used [0x00000000f1a80000,0x00000000f1a80000,0x00000000f3000000)
 ParOldGen       total 146944K, used 47460K [0x00000000a0000000, 0x00000000a8f80000, 0x00000000e0000000)
  object space 146944K, 32% used [0x00000000a0000000,0x00000000a2e590e0,0x00000000a8f80000)
 Metaspace       used 56664K, capacity 59002K, committed 59028K, reserved 1099776K
  class space    used 7700K, capacity 8295K, committed 8320K, reserved 1048576K
}
Event: 29.981 GC heap before
{Heap before GC invocations=15 (full 3):
 PSYoungGen      total 219136K, used 199168K [0x00000000e0000000, 0x00000000f3000000, 0x0000000100000000)
  eden space 199168K, 100% used [0x00000000e0000000,0x00000000ec280000,0x00000000ec280000)
  from space 19968K, 0% used [0x00000000ec280000,0x00000000ec280000,0x00000000ed600000)
  to   space 22016K, 0% used [0x00000000f1a80000,0x00000000f1a80000,0x00000000f3000000)
 ParOldGen       total 146944K, used 47460K [0x00000000a0000000, 0x00000000a8f80000, 0x00000000e0000000)
  object space 146944K, 32% used [0x00000000a0000000,0x00000000a2e590e0,0x00000000a8f80000)
 Metaspace       used 60970K, capacity 63652K, committed 63872K, reserved 1103872K
  class space    used 8109K, capacity 8800K, committed 8832K, reserved 1048576K
Event: 30.000 GC heap after
Heap after GC invocations=15 (full 3):
 PSYoungGen      total 266752K, used 12778K [0x00000000e0000000, 0x00000000f2700000, 0x0000000100000000)
  eden space 253952K, 0% used [0x00000000e0000000,0x00000000e0000000,0x00000000ef800000)
  from space 12800K, 99% used [0x00000000f1a80000,0x00000000f26fa948,0x00000000f2700000)
  to   space 21504K, 0% used [0x00000000efd00000,0x00000000efd00000,0x00000000f1200000)
 ParOldGen       total 146944K, used 47468K [0x00000000a0000000, 0x00000000a8f80000, 0x00000000e0000000)
  object space 146944K, 32% used [0x00000000a0000000,0x00000000a2e5b0e0,0x00000000a8f80000)
 Metaspace       used 60970K, capacity 63652K, committed 63872K, reserved 1103872K
  class space    used 8109K, capacity 8800K, committed 8832K, reserved 1048576K
}

